<?xml version="1.0" encoding="utf-8"?><testsuites name="pytest tests"><testsuite name="pytest" errors="0" failures="0" skipped="0" tests="12" time="41.550" timestamp="2026-04-18T11:20:48.253761+00:00" hostname="agent-env-38c57466-ae88-4014-b244-965c9e8ca1f4"><testcase classname="backend.tests.test_krypton.TestHealth" name="test_root_alive" time="0.229" /><testcase classname="backend.tests.test_krypton.TestChat" name="test_chat_fr_basic" time="4.833" /><testcase classname="backend.tests.test_krypton.TestChat" name="test_chat_returns_session_id" time="4.966" /><testcase classname="backend.tests.test_krypton.TestChat" name="test_chat_session_continuity" time="10.841" /><testcase classname="backend.tests.test_krypton.TestChat" name="test_chat_en_language" time="4.423" /><testcase classname="backend.tests.test_krypton.TestChat" name="test_chat_ar_language" time="5.469" /><testcase classname="backend.tests.test_krypton.TestChat" name="test_chat_darija_language" time="6.728" /><testcase classname="backend.tests.test_krypton.TestChat" name="test_chat_offtopic_redirect" time="3.394" /><testcase classname="backend.tests.test_krypton.TestContact" name="test_create_contact_full" time="0.201" /><testcase classname="backend.tests.test_krypton.TestContact" name="test_create_contact_minimal" time="0.101" /><testcase classname="backend.tests.test_krypton.TestContact" name="test_list_contacts_no_mongo_id" time="0.113" /><testcase classname="backend.tests.test_krypton.TestContact" name="test_create_contact_missing_required_fields" time="0.103" /></testsuite></testsuites>